

================================================================
== Vivado HLS Report for 'targeted_function'
================================================================
* Date:           Fri Jan 22 12:22:57 2016

* Version:        2015.4 (Build 1412921 on Wed Nov 18 09:58:55 AM 2015)
* Project:        hls
* Solution:       adder_subtractor
* Product family: zynq
* Target device:  xc7z020clg400-1


================================================================
== Performance Estimates
================================================================
+ Timing (ns): 
    * Summary: 
    +--------+-------+----------+------------+
    |  Clock | Target| Estimated| Uncertainty|
    +--------+-------+----------+------------+
    |ap_clk  |  10.00|      5.81|        1.25|
    +--------+-------+----------+------------+

+ Latency (clock cycles): 
    * Summary: 
    +-----+-----+-----+-----+---------+
    |  Latency  |  Interval | Pipeline|
    | min | max | min | max |   Type  |
    +-----+-----+-----+-----+---------+
    |    0|    0|    1|    1|   none  |
    +-----+-----+-----+-----+---------+

    + Detail: 
        * Instance: 
        N/A

        * Loop: 
        N/A

============================================================
+ Verbose Summary: Synthesis Manager
============================================================
InlineROM: 1
ExposeGlobal: 0
============================================================
+ Verbose Summary: CDFG Model
============================================================
IsTopModel: 1
ResetActiveHigh: 1
IsCombinational: 0
IsDatapathOnly: 0
HasWiredReturn: 1
HasMFsm: 0
HasVarLatency: 0
IsPipeline: 0
IsRtlPipelined: 0
IsInstanceOverlapped: 0
IsDontTouch: 0
HasImplIP: 0
IsGatedGlobalClock: 0


============================================================
+ Verbose Summary: Schedule
============================================================
* Number of FSM states: 1
* Pipeline: 0
* Dataflow Pipeline: 0

* FSM state transitions: 
1 --> 
* FSM state operations: 

 <State 1>: 5.81ns
ST_1: stg_2 [1/1] 0.00ns
:0  call void (...)* @_ssdm_op_SpecBitsMap(i32 %input_000) nounwind, !map !0

ST_1: stg_3 [1/1] 0.00ns
:1  call void (...)* @_ssdm_op_SpecBitsMap(i32 %input_001) nounwind, !map !6

ST_1: stg_4 [1/1] 0.00ns
:2  call void (...)* @_ssdm_op_SpecBitsMap(i32* %output_000) nounwind, !map !10

ST_1: stg_5 [1/1] 0.00ns
:3  call void (...)* @_ssdm_op_SpecBitsMap(i32* %output_001) nounwind, !map !16

ST_1: stg_6 [1/1] 0.00ns
:4  call void (...)* @_ssdm_op_SpecBitsMap(i32 0) nounwind, !map !20

ST_1: stg_7 [1/1] 0.00ns
:5  call void (...)* @_ssdm_op_SpecTopModule([18 x i8]* @targeted_function_str) nounwind

ST_1: input_001_read [1/1] 1.00ns
:6  %input_001_read = call i32 @_ssdm_op_Read.s_axilite.i32(i32 %input_001) nounwind

ST_1: input_000_read [1/1] 1.00ns
:7  %input_000_read = call i32 @_ssdm_op_Read.s_axilite.i32(i32 %input_000) nounwind

ST_1: stg_10 [1/1] 0.00ns
:8  call void (...)* @_ssdm_op_SpecInterface(i32* %output_001, [10 x i8]* @p_str, i32 0, i32 0, i32 0, i32 0, [3 x i8]* @p_str1, [1 x i8]* @p_str2, [1 x i8]* @p_str2, [1 x i8]* @p_str2) nounwind

ST_1: stg_11 [1/1] 0.00ns
:9  call void (...)* @_ssdm_op_SpecInterface(i32* %output_000, [10 x i8]* @p_str, i32 0, i32 0, i32 0, i32 0, [3 x i8]* @p_str1, [1 x i8]* @p_str2, [1 x i8]* @p_str2, [1 x i8]* @p_str2) nounwind

ST_1: stg_12 [1/1] 0.00ns
:10  call void (...)* @_ssdm_op_SpecInterface(i32 %input_001, [10 x i8]* @p_str, i32 0, i32 0, i32 0, i32 0, [3 x i8]* @p_str1, [1 x i8]* @p_str2, [1 x i8]* @p_str2, [1 x i8]* @p_str2) nounwind

ST_1: stg_13 [1/1] 0.00ns
:11  call void (...)* @_ssdm_op_SpecInterface(i32 %input_000, [10 x i8]* @p_str, i32 0, i32 0, i32 0, i32 0, [3 x i8]* @p_str1, [1 x i8]* @p_str2, [1 x i8]* @p_str2, [1 x i8]* @p_str2) nounwind

ST_1: stg_14 [1/1] 0.00ns
:12  call void (...)* @_ssdm_op_SpecInterface(i32 0, [10 x i8]* @p_str, i32 0, i32 0, i32 0, i32 0, [3 x i8]* @p_str1, [1 x i8]* @p_str2, [1 x i8]* @p_str2, [1 x i8]* @p_str2) nounwind

ST_1: output_000_assign [1/1] 2.44ns
:13  %output_000_assign = add nsw i32 %input_001_read, %input_000_read

ST_1: stg_16 [1/1] 1.00ns
:14  call void @_ssdm_op_Write.s_axilite.i32P(i32* %output_000, i32 %output_000_assign) nounwind

ST_1: tmp [1/1] 2.44ns
:15  %tmp = sub nsw i32 %input_000_read, %input_001_read

ST_1: tmp_1 [1/1] 0.00ns
:16  %tmp_1 = call i1 @_ssdm_op_BitSelect.i1.i32.i32(i32 %tmp, i32 31)

ST_1: tmp_2 [1/1] 2.44ns
:17  %tmp_2 = sub nsw i32 %input_001_read, %input_000_read

ST_1: tmp_3 [1/1] 1.37ns
:18  %tmp_3 = select i1 %tmp_1, i32 %tmp_2, i32 %tmp

ST_1: stg_21 [1/1] 1.00ns
:19  call void @_ssdm_op_Write.s_axilite.i32P(i32* %output_001, i32 %tmp_3) nounwind

ST_1: stg_22 [1/1] 0.00ns
:20  ret i32 0



============================================================
+ Verbose Summary: Binding
============================================================
STG Binding: 
---------------- STG Properties BEGIN ----------------
- Is combinational: 1
- Is one-state seq: 0
- Is datapath-only: 0
- Is clock enabled: 0
- Is pipelined: 0
- Is top level: 1
Port [ Return ] is wired: 1; IO mode=ap_ctrl_hs:ce=0
Port [ input_000]:  wired=1; compound=0; hidden=0; nouse=0; global=0; static=0; extern=0; dir=0; type=0; mode=0xef267327b0; pingpong=0; private_global=0; IO mode=ap_none:ce=0
Port [ input_001]:  wired=1; compound=0; hidden=0; nouse=0; global=0; static=0; extern=0; dir=0; type=0; mode=0xef267339b0; pingpong=0; private_global=0; IO mode=ap_none:ce=0
Port [ output_000]:  wired=1; compound=0; hidden=0; nouse=0; global=0; static=0; extern=0; dir=1; type=0; mode=0xef26733fe0; pingpong=0; private_global=0; IO mode=ap_vld:ce=0
Port [ output_001]:  wired=1; compound=0; hidden=0; nouse=0; global=0; static=0; extern=0; dir=1; type=0; mode=0xef267328d0; pingpong=0; private_global=0; IO mode=ap_vld:ce=0
---------------- STG Properties END ------------------

---------------- Datapath Model BEGIN ----------------

<LifeTime>
<method=bitvector/>
stg_2             (specbitsmap  ) [ 00]
stg_3             (specbitsmap  ) [ 00]
stg_4             (specbitsmap  ) [ 00]
stg_5             (specbitsmap  ) [ 00]
stg_6             (specbitsmap  ) [ 00]
stg_7             (spectopmodule) [ 00]
input_001_read    (read         ) [ 00]
input_000_read    (read         ) [ 00]
stg_10            (specinterface) [ 00]
stg_11            (specinterface) [ 00]
stg_12            (specinterface) [ 00]
stg_13            (specinterface) [ 00]
stg_14            (specinterface) [ 00]
output_000_assign (add          ) [ 00]
stg_16            (write        ) [ 00]
tmp               (sub          ) [ 00]
tmp_1             (bitselect    ) [ 01]
tmp_2             (sub          ) [ 00]
tmp_3             (select       ) [ 00]
stg_21            (write        ) [ 00]
stg_22            (ret          ) [ 00]
</LifeTime>

<model>

<comp_list>
<comp id="0" class="1000" name="input_000">
<pin_list>
<pin id="1" dir="1" index="0" bw="1" slack="0"/>
</pin_list>
<bind>
<StgValue><ssdm name="input_000"/></StgValue>
</bind>
</comp>

<comp id="2" class="1000" name="input_001">
<pin_list>
<pin id="3" dir="1" index="0" bw="1" slack="0"/>
</pin_list>
<bind>
<StgValue><ssdm name="input_001"/></StgValue>
</bind>
</comp>

<comp id="4" class="1000" name="output_000">
<pin_list>
<pin id="5" dir="1" index="0" bw="1" slack="0"/>
</pin_list>
<bind>
<StgValue><ssdm name="output_000"/></StgValue>
</bind>
</comp>

<comp id="6" class="1000" name="output_001">
<pin_list>
<pin id="7" dir="1" index="0" bw="1" slack="0"/>
</pin_list>
<bind>
<StgValue><ssdm name="output_001"/></StgValue>
</bind>
</comp>

<comp id="8" class="1001" name="const_8">
<pin_list>
<pin id="9" dir="1" index="0" bw="1" slack="2147483647"/>
</pin_list>
<bind>
<StgValue><ssdm name="_ssdm_op_SpecBitsMap"/></StgValue>
</bind>
</comp>

<comp id="10" class="1001" name="const_10">
<pin_list>
<pin id="11" dir="1" index="0" bw="1" slack="2147483647"/>
</pin_list>
<bind>
<StgValue><ssdm name=""/></StgValue>
</bind>
</comp>

<comp id="12" class="1001" name="const_12">
<pin_list>
<pin id="13" dir="1" index="0" bw="1" slack="2147483647"/>
</pin_list>
<bind>
<StgValue><ssdm name="_ssdm_op_SpecTopModule"/></StgValue>
</bind>
</comp>

<comp id="14" class="1001" name="const_14">
<pin_list>
<pin id="15" dir="1" index="0" bw="1" slack="2147483647"/>
</pin_list>
<bind>
<StgValue><ssdm name="targeted_function_str"/></StgValue>
</bind>
</comp>

<comp id="16" class="1001" name="const_16">
<pin_list>
<pin id="17" dir="1" index="0" bw="1" slack="0"/>
</pin_list>
<bind>
<StgValue><ssdm name="_ssdm_op_Read.s_axilite.i32"/></StgValue>
</bind>
</comp>

<comp id="18" class="1001" name="const_18">
<pin_list>
<pin id="19" dir="1" index="0" bw="1" slack="2147483647"/>
</pin_list>
<bind>
<StgValue><ssdm name="_ssdm_op_SpecInterface"/></StgValue>
</bind>
</comp>

<comp id="20" class="1001" name="const_20">
<pin_list>
<pin id="21" dir="1" index="0" bw="1" slack="2147483647"/>
</pin_list>
<bind>
<StgValue><ssdm name="p_str"/></StgValue>
</bind>
</comp>

<comp id="22" class="1001" name="const_22">
<pin_list>
<pin id="23" dir="1" index="0" bw="1" slack="2147483647"/>
</pin_list>
<bind>
<StgValue><ssdm name="p_str1"/></StgValue>
</bind>
</comp>

<comp id="24" class="1001" name="const_24">
<pin_list>
<pin id="25" dir="1" index="0" bw="1" slack="2147483647"/>
</pin_list>
<bind>
<StgValue><ssdm name="p_str2"/></StgValue>
</bind>
</comp>

<comp id="26" class="1001" name="const_26">
<pin_list>
<pin id="27" dir="1" index="0" bw="1" slack="0"/>
</pin_list>
<bind>
<StgValue><ssdm name="_ssdm_op_Write.s_axilite.i32P"/></StgValue>
</bind>
</comp>

<comp id="28" class="1001" name="const_28">
<pin_list>
<pin id="29" dir="1" index="0" bw="1" slack="0"/>
</pin_list>
<bind>
<StgValue><ssdm name="_ssdm_op_BitSelect.i1.i32.i32"/></StgValue>
</bind>
</comp>

<comp id="30" class="1001" name="const_30">
<pin_list>
<pin id="31" dir="1" index="0" bw="1" slack="0"/>
</pin_list>
<bind>
<StgValue><ssdm name=""/></StgValue>
</bind>
</comp>

<comp id="32" class="1004" name="input_001_read_read_fu_32">
<pin_list>
<pin id="33" dir="0" index="0" bw="32" slack="0"/>
<pin id="34" dir="0" index="1" bw="32" slack="0"/>
<pin id="35" dir="1" index="2" bw="32" slack="0"/>
</pin_list>
<bind>
<opcode="read(1150) " fcode="read"/>
<opset="input_001_read/1 "/>
</bind>
</comp>

<comp id="38" class="1004" name="input_000_read_read_fu_38">
<pin_list>
<pin id="39" dir="0" index="0" bw="32" slack="0"/>
<pin id="40" dir="0" index="1" bw="32" slack="0"/>
<pin id="41" dir="1" index="2" bw="32" slack="0"/>
</pin_list>
<bind>
<opcode="read(1150) " fcode="read"/>
<opset="input_000_read/1 "/>
</bind>
</comp>

<comp id="44" class="1004" name="stg_16_write_fu_44">
<pin_list>
<pin id="45" dir="0" index="0" bw="0" slack="0"/>
<pin id="46" dir="0" index="1" bw="32" slack="0"/>
<pin id="47" dir="0" index="2" bw="32" slack="0"/>
<pin id="48" dir="1" index="3" bw="0" slack="2147483647"/>
</pin_list>
<bind>
<opcode="write(1151) " fcode="write"/>
<opset="stg_16/1 "/>
</bind>
</comp>

<comp id="51" class="1004" name="stg_21_write_fu_51">
<pin_list>
<pin id="52" dir="0" index="0" bw="0" slack="0"/>
<pin id="53" dir="0" index="1" bw="32" slack="0"/>
<pin id="54" dir="0" index="2" bw="32" slack="0"/>
<pin id="55" dir="1" index="3" bw="0" slack="2147483647"/>
</pin_list>
<bind>
<opcode="write(1151) " fcode="write"/>
<opset="stg_21/1 "/>
</bind>
</comp>

<comp id="58" class="1004" name="output_000_assign_fu_58">
<pin_list>
<pin id="59" dir="0" index="0" bw="32" slack="0"/>
<pin id="60" dir="0" index="1" bw="32" slack="0"/>
<pin id="61" dir="1" index="2" bw="32" slack="0"/>
</pin_list>
<bind>
<opcode="add(8) " fcode="add"/>
<opset="output_000_assign/1 "/>
</bind>
</comp>

<comp id="65" class="1004" name="tmp_fu_65">
<pin_list>
<pin id="66" dir="0" index="0" bw="32" slack="0"/>
<pin id="67" dir="0" index="1" bw="32" slack="0"/>
<pin id="68" dir="1" index="2" bw="32" slack="0"/>
</pin_list>
<bind>
<opcode="sub(10) " fcode="sub"/>
<opset="tmp/1 "/>
</bind>
</comp>

<comp id="71" class="1004" name="tmp_1_fu_71">
<pin_list>
<pin id="72" dir="0" index="0" bw="1" slack="0"/>
<pin id="73" dir="0" index="1" bw="32" slack="0"/>
<pin id="74" dir="0" index="2" bw="6" slack="0"/>
<pin id="75" dir="1" index="3" bw="1" slack="0"/>
</pin_list>
<bind>
<opcode="bitselect(1000) " fcode="bitselect"/>
<opset="tmp_1/1 "/>
</bind>
</comp>

<comp id="79" class="1004" name="tmp_2_fu_79">
<pin_list>
<pin id="80" dir="0" index="0" bw="32" slack="0"/>
<pin id="81" dir="0" index="1" bw="32" slack="0"/>
<pin id="82" dir="1" index="2" bw="32" slack="0"/>
</pin_list>
<bind>
<opcode="sub(10) " fcode="sub"/>
<opset="tmp_2/1 "/>
</bind>
</comp>

<comp id="85" class="1004" name="tmp_3_fu_85">
<pin_list>
<pin id="86" dir="0" index="0" bw="1" slack="0"/>
<pin id="87" dir="0" index="1" bw="32" slack="0"/>
<pin id="88" dir="0" index="2" bw="32" slack="0"/>
<pin id="89" dir="1" index="3" bw="32" slack="0"/>
</pin_list>
<bind>
<opcode="select(49) " fcode="select"/>
<opset="tmp_3/1 "/>
</bind>
</comp>

</comp_list>

<net_list>
<net id="36"><net_src comp="16" pin="0"/><net_sink comp="32" pin=0"/></net>

<net id="37"><net_src comp="2" pin="0"/><net_sink comp="32" pin=1"/></net>

<net id="42"><net_src comp="16" pin="0"/><net_sink comp="38" pin=0"/></net>

<net id="43"><net_src comp="0" pin="0"/><net_sink comp="38" pin=1"/></net>

<net id="49"><net_src comp="26" pin="0"/><net_sink comp="44" pin=0"/></net>

<net id="50"><net_src comp="4" pin="0"/><net_sink comp="44" pin=1"/></net>

<net id="56"><net_src comp="26" pin="0"/><net_sink comp="51" pin=0"/></net>

<net id="57"><net_src comp="6" pin="0"/><net_sink comp="51" pin=1"/></net>

<net id="62"><net_src comp="32" pin="2"/><net_sink comp="58" pin=0"/></net>

<net id="63"><net_src comp="38" pin="2"/><net_sink comp="58" pin=1"/></net>

<net id="64"><net_src comp="58" pin="2"/><net_sink comp="44" pin=2"/></net>

<net id="69"><net_src comp="38" pin="2"/><net_sink comp="65" pin=0"/></net>

<net id="70"><net_src comp="32" pin="2"/><net_sink comp="65" pin=1"/></net>

<net id="76"><net_src comp="28" pin="0"/><net_sink comp="71" pin=0"/></net>

<net id="77"><net_src comp="65" pin="2"/><net_sink comp="71" pin=1"/></net>

<net id="78"><net_src comp="30" pin="0"/><net_sink comp="71" pin=2"/></net>

<net id="83"><net_src comp="32" pin="2"/><net_sink comp="79" pin=0"/></net>

<net id="84"><net_src comp="38" pin="2"/><net_sink comp="79" pin=1"/></net>

<net id="90"><net_src comp="71" pin="3"/><net_sink comp="85" pin=0"/></net>

<net id="91"><net_src comp="79" pin="2"/><net_sink comp="85" pin=1"/></net>

<net id="92"><net_src comp="65" pin="2"/><net_sink comp="85" pin=2"/></net>

<net id="93"><net_src comp="85" pin="3"/><net_sink comp="51" pin=2"/></net>

</net_list>

</model> 
---------------- Datapath Model END ------------------

* FSMD analyzer results:
  - Output states:
	Port: output_000 | {1 }
	Port: output_001 | {1 }
  - Chain level:
	State 1
		stg_16 : 1
		tmp_1 : 1
		tmp_3 : 2
		stg_21 : 3


============================================================
+ Verbose Summary: Datapath Resource usage 
============================================================

* Functional unit list:
|----------|---------------------------|---------|---------|
| Operation|      Functional Unit      |    FF   |   LUT   |
|----------|---------------------------|---------|---------|
|    sub   |         tmp_fu_65         |    0    |    32   |
|          |        tmp_2_fu_79        |    0    |    32   |
|----------|---------------------------|---------|---------|
|    add   |  output_000_assign_fu_58  |    0    |    32   |
|----------|---------------------------|---------|---------|
|  select  |        tmp_3_fu_85        |    0    |    32   |
|----------|---------------------------|---------|---------|
|   read   | input_001_read_read_fu_32 |    0    |    0    |
|          | input_000_read_read_fu_38 |    0    |    0    |
|----------|---------------------------|---------|---------|
|   write  |     stg_16_write_fu_44    |    0    |    0    |
|          |     stg_21_write_fu_51    |    0    |    0    |
|----------|---------------------------|---------|---------|
| bitselect|        tmp_1_fu_71        |    0    |    0    |
|----------|---------------------------|---------|---------|
|   Total  |                           |    0    |   128   |
|----------|---------------------------|---------|---------|

Memories:
N/A

* Register list:
N/A

* Multiplexer (MUX) list: 
|--------|------|------|------|--------|
|  Comp  |  Pin | Size |  BW  | S x BW |
|--------|------|------|------|--------|
|  Total |      |      |      |    0   |
|--------|------|------|------|--------|



* Summary:
+-----------+--------+--------+
|           |   FF   |   LUT  |
+-----------+--------+--------+
|  Function |    0   |   128  |
|   Memory  |    -   |    -   |
|Multiplexer|    -   |    -   |
|  Register |    -   |    -   |
+-----------+--------+--------+
|   Total   |    0   |   128  |
+-----------+--------+--------+
