

================================================================
== Vivado HLS Report for 'targeted_function'
================================================================
* Date:           Fri Jan 22 13:14:05 2016

* Version:        2015.4 (Build 1412921 on Wed Nov 18 09:58:55 AM 2015)
* Project:        hls
* Solution:       prime
* Product family: zynq
* Target device:  xc7z020clg400-1


================================================================
== Performance Estimates
================================================================
+ Timing (ns): 
    * Summary: 
    +--------+-------+----------+------------+
    |  Clock | Target| Estimated| Uncertainty|
    +--------+-------+----------+------------+
    |ap_clk  |  10.00|      7.93|        1.25|
    +--------+-------+----------+------------+

+ Latency (clock cycles): 
    * Summary: 
    +-----+-----+-----+-----+---------+
    |  Latency  |  Interval | Pipeline|
    | min | max | min | max |   Type  |
    +-----+-----+-----+-----+---------+
    |    ?|    ?|    ?|    ?|   none  |
    +-----+-----+-----+-----+---------+

    + Detail: 
        * Instance: 
        N/A

        * Loop: 
        +-------------+-----+-----+----------+-----------+-----------+------+----------+
        |             |  Latency  | Iteration|  Initiation Interval  | Trip |          |
        |  Loop Name  | min | max |  Latency |  achieved |   target  | Count| Pipelined|
        +-------------+-----+-----+----------+-----------+-----------+------+----------+
        |- Loop 1     |    ?|    ?|         ?|          -|          -|     ?|    no    |
        | + Loop 1.1  |    ?|    ?|        36|          -|          -|     ?|    no    |
        +-------------+-----+-----+----------+-----------+-----------+------+----------+



================================================================
== Utilization Estimates
================================================================
* Summary: 
+-----------------+---------+-------+--------+-------+
|       Name      | BRAM_18K| DSP48E|   FF   |  LUT  |
+-----------------+---------+-------+--------+-------+
|DSP              |        -|      -|       -|      -|
|Expression       |        -|      -|       0|    197|
|FIFO             |        -|      -|       -|      -|
|Instance         |        0|      -|     432|    552|
|Memory           |        -|      -|       -|      -|
|Multiplexer      |        -|      -|       -|    129|
|Register         |        -|      -|     199|      -|
+-----------------+---------+-------+--------+-------+
|Total            |        0|      0|     631|    878|
+-----------------+---------+-------+--------+-------+
|Available        |      280|    220|  106400|  53200|
+-----------------+---------+-------+--------+-------+
|Utilization (%)  |        0|      0|   ~0   |      1|
+-----------------+---------+-------+--------+-------+

+ Detail: 
    * Instance: 
    +-----------------------------------------------+--------------------------------------------+---------+-------+-----+-----+
    |                    Instance                   |                   Module                   | BRAM_18K| DSP48E|  FF | LUT |
    +-----------------------------------------------+--------------------------------------------+---------+-------+-----+-----+
    |targeted_function_rm_s_axi_U                   |targeted_function_rm_s_axi                  |        0|      0|  144|  232|
    |targeted_function_srem_32ns_32ns_32_36_seq_U0  |targeted_function_srem_32ns_32ns_32_36_seq  |        0|      0|  288|  320|
    +-----------------------------------------------+--------------------------------------------+---------+-------+-----+-----+
    |Total                                          |                                            |        0|      0|  432|  552|
    +-----------------------------------------------+--------------------------------------------+---------+-------+-----+-----+

    * DSP48: 
    N/A

    * Memory: 
    N/A

    * FIFO: 
    N/A

    * Expression: 
    +-------------------+----------+-------+---+----+------------+------------+
    |   Variable Name   | Operation| DSP48E| FF| LUT| Bitwidth P0| Bitwidth P1|
    +-------------------+----------+-------+---+----+------------+------------+
    |ctr_1_fu_171_p2    |     +    |      0|  0|  32|          32|           1|
    |i_1_fu_161_p2      |     +    |      0|  0|  32|          32|           1|
    |j_1_fu_149_p2      |     +    |      0|  0|  32|          32|           1|
    |tmp_3_fu_126_p2    |     +    |      0|  0|  32|          32|           2|
    |ap_return          |  Select  |      0|  0|   2|           1|           2|
    |tmp_1_fu_101_p2    |   icmp   |      0|  0|  11|          32|          27|
    |tmp_2_fu_121_p2    |   icmp   |      0|  0|  11|          32|          32|
    |tmp_4_fu_132_p2    |   icmp   |      0|  0|  11|          32|          32|
    |tmp_6_fu_143_p2    |   icmp   |      0|  0|  11|          32|           1|
    |tmp_7_fu_155_p2    |   icmp   |      0|  0|  11|          32|          32|
    |tmp_fu_95_p2       |   icmp   |      0|  0|  11|          32|           1|
    |or_cond_fu_107_p2  |    or    |      0|  0|   1|           1|           1|
    +-------------------+----------+-------+---+----+------------+------------+
    |Total              |          |      0|  0| 197|         322|         133|
    +-------------------+----------+-------+---+----+------------+------------+

    * Multiplexer: 
    +------------+----+-----------+-----+-----------+
    |    Name    | LUT| Input Size| Bits| Total Bits|
    +------------+----+-----------+-----+-----------+
    |ap_NS_fsm   |   1|          6|    1|          6|
    |ctr_reg_57  |  32|          2|   32|         64|
    |i_fu_38     |  32|          2|   32|         64|
    |j_reg_70    |  32|          2|   32|         64|
    |output_000  |  32|          4|   32|        128|
    +------------+----+-----------+-----+-----------+
    |Total       | 129|         16|  129|        326|
    +------------+----+-----------+-----+-----------+

    * Register: 
    +------------------------+----+----+-----+-----------+
    |          Name          | FF | LUT| Bits| Const Bits|
    +------------------------+----+----+-----+-----------+
    |ap_CS_fsm               |   5|   0|    5|          0|
    |ctr_reg_57              |  32|   0|   32|          0|
    |i_fu_38                 |  32|   0|   32|          0|
    |i_load_reg_200          |  32|   0|   32|          0|
    |input_000_read_reg_185  |  32|   0|   32|          0|
    |j_reg_70                |  32|   0|   32|          0|
    |p_0_reg_82              |   1|   0|    1|          0|
    |tmp_3_reg_208           |  32|   0|   32|          0|
    |tmp_4_reg_213           |   1|   0|    1|          0|
    +------------------------+----+----+-----+-----------+
    |Total                   | 199|   0|  199|          0|
    +------------------------+----+----+-----+-----------+



================================================================
== Interface
================================================================
* Summary: 
+------------------+-----+-----+------------+-------------------+--------------+
|     RTL Ports    | Dir | Bits|  Protocol  |   Source Object   |    C Type    |
+------------------+-----+-----+------------+-------------------+--------------+
|s_axi_rm_AWVALID  |  in |    1|    s_axi   |         rm        |    pointer   |
|s_axi_rm_AWREADY  | out |    1|    s_axi   |         rm        |    pointer   |
|s_axi_rm_AWADDR   |  in |    6|    s_axi   |         rm        |    pointer   |
|s_axi_rm_WVALID   |  in |    1|    s_axi   |         rm        |    pointer   |
|s_axi_rm_WREADY   | out |    1|    s_axi   |         rm        |    pointer   |
|s_axi_rm_WDATA    |  in |   32|    s_axi   |         rm        |    pointer   |
|s_axi_rm_WSTRB    |  in |    4|    s_axi   |         rm        |    pointer   |
|s_axi_rm_ARVALID  |  in |    1|    s_axi   |         rm        |    pointer   |
|s_axi_rm_ARREADY  | out |    1|    s_axi   |         rm        |    pointer   |
|s_axi_rm_ARADDR   |  in |    6|    s_axi   |         rm        |    pointer   |
|s_axi_rm_RVALID   | out |    1|    s_axi   |         rm        |    pointer   |
|s_axi_rm_RREADY   |  in |    1|    s_axi   |         rm        |    pointer   |
|s_axi_rm_RDATA    | out |   32|    s_axi   |         rm        |    pointer   |
|s_axi_rm_RRESP    | out |    2|    s_axi   |         rm        |    pointer   |
|s_axi_rm_BVALID   | out |    1|    s_axi   |         rm        |    pointer   |
|s_axi_rm_BREADY   |  in |    1|    s_axi   |         rm        |    pointer   |
|s_axi_rm_BRESP    | out |    2|    s_axi   |         rm        |    pointer   |
|ap_clk            |  in |    1| ap_ctrl_hs | targeted_function | return value |
|ap_rst_n          |  in |    1| ap_ctrl_hs | targeted_function | return value |
|interrupt         | out |    1| ap_ctrl_hs | targeted_function | return value |
+------------------+-----+-----+------------+-------------------+--------------+

