

================================================================
== Vivado HLS Report for 'targeted_function'
================================================================
* Date:           Fri Jan 22 13:04:56 2016

* Version:        2015.4 (Build 1412921 on Wed Nov 18 09:58:55 AM 2015)
* Project:        hls
* Solution:       fibonacci
* Product family: zynq
* Target device:  xc7z020clg400-1


================================================================
== Performance Estimates
================================================================
+ Timing (ns): 
    * Summary: 
    +--------+-------+----------+------------+
    |  Clock | Target| Estimated| Uncertainty|
    +--------+-------+----------+------------+
    |ap_clk  |  10.00|      5.46|        1.25|
    +--------+-------+----------+------------+

+ Latency (clock cycles): 
    * Summary: 
    +-----+-----+-----+-----+---------+
    |  Latency  |  Interval | Pipeline|
    | min | max | min | max |   Type  |
    +-----+-----+-----+-----+---------+
    |    1|   46|    2|   47|   none  |
    +-----+-----+-----+-----+---------+

    + Detail: 
        * Instance: 
        N/A

        * Loop: 
        +----------+-----+-----+----------+-----------+-----------+--------+----------+
        |          |  Latency  | Iteration|  Initiation Interval  |  Trip  |          |
        | Loop Name| min | max |  Latency |  achieved |   target  |  Count | Pipelined|
        +----------+-----+-----+----------+-----------+-----------+--------+----------+
        |- Loop 1  |    1|   45|         1|          -|          -| 1 ~ 45 |    no    |
        +----------+-----+-----+----------+-----------+-----------+--------+----------+



================================================================
== Utilization Estimates
================================================================
* Summary: 
+-----------------+---------+-------+--------+-------+
|       Name      | BRAM_18K| DSP48E|   FF   |  LUT  |
+-----------------+---------+-------+--------+-------+
|DSP              |        -|      -|       -|      -|
|Expression       |        -|      -|       0|     74|
|FIFO             |        -|      -|       -|      -|
|Instance         |        0|      -|     144|    232|
|Memory           |        -|      -|       -|      -|
|Multiplexer      |        -|      -|       -|    104|
|Register         |        -|      -|     107|      -|
+-----------------+---------+-------+--------+-------+
|Total            |        0|      0|     251|    410|
+-----------------+---------+-------+--------+-------+
|Available        |      280|    220|  106400|  53200|
+-----------------+---------+-------+--------+-------+
|Utilization (%)  |        0|      0|   ~0   |   ~0  |
+-----------------+---------+-------+--------+-------+

+ Detail: 
    * Instance: 
    +------------------------------+----------------------------+---------+-------+-----+-----+
    |           Instance           |           Module           | BRAM_18K| DSP48E|  FF | LUT |
    +------------------------------+----------------------------+---------+-------+-----+-----+
    |targeted_function_rm_s_axi_U  |targeted_function_rm_s_axi  |        0|      0|  144|  232|
    +------------------------------+----------------------------+---------+-------+-----+-----+
    |Total                         |                            |        0|      0|  144|  232|
    +------------------------------+----------------------------+---------+-------+-----+-----+

    * DSP48: 
    N/A

    * Memory: 
    N/A

    * FIFO: 
    N/A

    * Expression: 
    +--------------------+----------+-------+---+----+------------+------------+
    |    Variable Name   | Operation| DSP48E| FF| LUT| Bitwidth P0| Bitwidth P1|
    +--------------------+----------+-------+---+----+------------+------------+
    |i_1_fu_170_p2       |     +    |      0|  0|   6|           6|           1|
    |second_fu_163_p2    |     +    |      0|  0|  32|          32|          32|
    |ap_return           |  Select  |      0|  0|   2|           1|           2|
    |exitcond_fu_158_p2  |   icmp   |      0|  0|  11|          32|          32|
    |icmp_fu_148_p2      |   icmp   |      0|  0|  11|          31|           1|
    |tmp_1_fu_126_p2     |   icmp   |      0|  0|  11|          32|           6|
    |or_cond_fu_132_p2   |    or    |      0|  0|   1|           1|           1|
    +--------------------+----------+-------+---+----+------------+------------+
    |Total               |          |      0|  0|  74|         135|          75|
    +--------------------+----------+-------+---+----+------------+------------+

    * Multiplexer: 
    +-------------------+----+-----------+-----+-----------+
    |        Name       | LUT| Input Size| Bits| Total Bits|
    +-------------------+----+-----------+-----+-----------+
    |ap_NS_fsm          |   1|          3|    1|          3|
    |first_1_reg_89     |  32|          2|   32|         64|
    |first_reg_78       |  32|          2|   32|         64|
    |i_reg_67           |   6|          2|    6|         12|
    |output_000         |  32|          4|   32|        128|
    |p_0_phi_fu_107_p6  |   1|          2|    1|          2|
    +-------------------+----+-----------+-----+-----------+
    |Total              | 104|         15|  104|        273|
    +-------------------+----+-----------+-----+-----------+

    * Register: 
    +------------------------+----+----+-----+-----------+
    |          Name          | FF | LUT| Bits| Const Bits|
    +------------------------+----+----+-----+-----------+
    |ap_CS_fsm               |   2|   0|    2|          0|
    |first_1_reg_89          |  32|   0|   32|          0|
    |first_reg_78            |  32|   0|   32|          0|
    |i_reg_67                |   6|   0|    6|          0|
    |icmp_reg_193            |   1|   0|    1|          0|
    |input_000_read_reg_184  |  32|   0|   32|          0|
    |or_cond_reg_189         |   1|   0|    1|          0|
    |p_0_reg_102             |   1|   0|    1|          0|
    +------------------------+----+----+-----+-----------+
    |Total                   | 107|   0|  107|          0|
    +------------------------+----+----+-----+-----------+



================================================================
== Interface
================================================================
* Summary: 
+------------------+-----+-----+------------+-------------------+--------------+
|     RTL Ports    | Dir | Bits|  Protocol  |   Source Object   |    C Type    |
+------------------+-----+-----+------------+-------------------+--------------+
|s_axi_rm_AWVALID  |  in |    1|    s_axi   |         rm        |    pointer   |
|s_axi_rm_AWREADY  | out |    1|    s_axi   |         rm        |    pointer   |
|s_axi_rm_AWADDR   |  in |    6|    s_axi   |         rm        |    pointer   |
|s_axi_rm_WVALID   |  in |    1|    s_axi   |         rm        |    pointer   |
|s_axi_rm_WREADY   | out |    1|    s_axi   |         rm        |    pointer   |
|s_axi_rm_WDATA    |  in |   32|    s_axi   |         rm        |    pointer   |
|s_axi_rm_WSTRB    |  in |    4|    s_axi   |         rm        |    pointer   |
|s_axi_rm_ARVALID  |  in |    1|    s_axi   |         rm        |    pointer   |
|s_axi_rm_ARREADY  | out |    1|    s_axi   |         rm        |    pointer   |
|s_axi_rm_ARADDR   |  in |    6|    s_axi   |         rm        |    pointer   |
|s_axi_rm_RVALID   | out |    1|    s_axi   |         rm        |    pointer   |
|s_axi_rm_RREADY   |  in |    1|    s_axi   |         rm        |    pointer   |
|s_axi_rm_RDATA    | out |   32|    s_axi   |         rm        |    pointer   |
|s_axi_rm_RRESP    | out |    2|    s_axi   |         rm        |    pointer   |
|s_axi_rm_BVALID   | out |    1|    s_axi   |         rm        |    pointer   |
|s_axi_rm_BREADY   |  in |    1|    s_axi   |         rm        |    pointer   |
|s_axi_rm_BRESP    | out |    2|    s_axi   |         rm        |    pointer   |
|ap_clk            |  in |    1| ap_ctrl_hs | targeted_function | return value |
|ap_rst_n          |  in |    1| ap_ctrl_hs | targeted_function | return value |
|interrupt         | out |    1| ap_ctrl_hs | targeted_function | return value |
+------------------+-----+-----+------------+-------------------+--------------+

