==============================================================
File generated by Vivado(TM) HLS - High-Level Synthesis from C, C++ and SystemC
Version: 2015.4
Copyright (C) 2015 Xilinx Inc. All rights reserved.

==============================================================

@I [HLS-10] Setting target device to 'xc7z020clg400-1'
@I [SYN-201] Setting up clock 'default' with a period of 10ns.
@I [HLS-10] Analyzing design file './targeted_functions/numbers/targeted_function.c' ... 
@I [HLS-10] Validating synthesis directives ...
@I [HLS-10] Starting code transformations ...
@I [HLS-10] Checking synthesizability ...
@I [HLS-111] Elapsed time: 6.55 seconds; current memory usage: 85.1 MB.
@I [HLS-10] Starting hardware synthesis ...
@I [HLS-10] Synthesizing 'targeted_function' ...
@I [HLS-10] ----------------------------------------------------------------
@I [HLS-10] -- Scheduling module 'targeted_function' 
@I [HLS-10] ----------------------------------------------------------------
@I [SCHED-11] Starting scheduling ...
@I [SCHED-11] Finished scheduling.
@I [HLS-111] Elapsed time: 0.171 seconds; current memory usage: 88.8 MB.
@I [HLS-10] ----------------------------------------------------------------
@I [HLS-10] -- Exploring micro-architecture for module 'targeted_function' 
@I [HLS-10] ----------------------------------------------------------------
@I [BIND-100] Starting micro-architecture generation ...
@I [BIND-101] Performing variable lifetime analysis.
@I [BIND-101] Exploring resource sharing.
@I [BIND-101] Binding ...
@I [BIND-100] Finished micro-architecture generation.
@I [HLS-111] Elapsed time: 0.25 seconds; current memory usage: 89.1 MB.
@I [HLS-10] ----------------------------------------------------------------
@I [HLS-10] -- Generating RTL for module 'targeted_function' 
@I [HLS-10] ----------------------------------------------------------------
@I [RTGEN-500] Setting interface mode on port 'targeted_function/output_000' to 's_axilite & ap_vld'.
@I [RTGEN-500] Setting interface mode on port 'targeted_function/output_001' to 's_axilite & ap_vld'.
@I [RTGEN-500] Setting interface mode on port 'targeted_function/output_002' to 's_axilite & ap_vld'.
@I [RTGEN-500] Setting interface mode on port 'targeted_function/output_003' to 's_axilite & ap_vld'.
@I [RTGEN-500] Setting interface mode on port 'targeted_function/output_004' to 's_axilite & ap_vld'.
@I [RTGEN-500] Setting interface mode on port 'targeted_function/output_005' to 's_axilite & ap_vld'.
@I [RTGEN-500] Setting interface mode on port 'targeted_function/output_006' to 's_axilite & ap_vld'.
@I [RTGEN-500] Setting interface mode on port 'targeted_function/output_007' to 's_axilite & ap_vld'.
@I [RTGEN-500] Setting interface mode on port 'targeted_function/output_008' to 's_axilite & ap_vld'.
@I [RTGEN-500] Setting interface mode on port 'targeted_function/output_009' to 's_axilite & ap_vld'.
@I [RTGEN-500] Setting interface mode on port 'targeted_function/output_010' to 's_axilite & ap_vld'.
@I [RTGEN-500] Setting interface mode on port 'targeted_function/output_011' to 's_axilite & ap_vld'.
@I [RTGEN-500] Setting interface mode on port 'targeted_function/output_012' to 's_axilite & ap_vld'.
@I [RTGEN-500] Setting interface mode on port 'targeted_function/output_013' to 's_axilite & ap_vld'.
@I [RTGEN-500] Setting interface mode on port 'targeted_function/output_014' to 's_axilite & ap_vld'.
@I [RTGEN-500] Setting interface mode on port 'targeted_function/output_015' to 's_axilite & ap_vld'.
@I [RTGEN-500] Setting interface mode on port 'targeted_function/output_016' to 's_axilite & ap_vld'.
@I [RTGEN-500] Setting interface mode on port 'targeted_function/output_017' to 's_axilite & ap_vld'.
@I [RTGEN-500] Setting interface mode on port 'targeted_function/output_018' to 's_axilite & ap_vld'.
@I [RTGEN-500] Setting interface mode on port 'targeted_function/output_019' to 's_axilite & ap_vld'.
@I [RTGEN-500] Setting interface mode on port 'targeted_function/output_020' to 's_axilite & ap_vld'.
@I [RTGEN-500] Setting interface mode on port 'targeted_function/output_021' to 's_axilite & ap_vld'.
@I [RTGEN-500] Setting interface mode on port 'targeted_function/output_022' to 's_axilite & ap_vld'.
@I [RTGEN-500] Setting interface mode on port 'targeted_function/output_023' to 's_axilite & ap_vld'.
@I [RTGEN-500] Setting interface mode on port 'targeted_function/output_024' to 's_axilite & ap_vld'.
@I [RTGEN-500] Setting interface mode on port 'targeted_function/output_025' to 's_axilite & ap_vld'.
@I [RTGEN-500] Setting interface mode on port 'targeted_function/output_026' to 's_axilite & ap_vld'.
@I [RTGEN-500] Setting interface mode on port 'targeted_function/output_027' to 's_axilite & ap_vld'.
@I [RTGEN-500] Setting interface mode on port 'targeted_function/output_028' to 's_axilite & ap_vld'.
@I [RTGEN-500] Setting interface mode on port 'targeted_function/output_029' to 's_axilite & ap_vld'.
@I [RTGEN-500] Setting interface mode on port 'targeted_function/output_030' to 's_axilite & ap_vld'.
@I [RTGEN-500] Setting interface mode on port 'targeted_function/output_031' to 's_axilite & ap_vld'.
@I [RTGEN-500] Setting interface mode on port 'targeted_function/output_032' to 's_axilite & ap_vld'.
@I [RTGEN-500] Setting interface mode on port 'targeted_function/output_033' to 's_axilite & ap_vld'.
@I [RTGEN-500] Setting interface mode on port 'targeted_function/output_034' to 's_axilite & ap_vld'.
@I [RTGEN-500] Setting interface mode on port 'targeted_function/output_035' to 's_axilite & ap_vld'.
@I [RTGEN-500] Setting interface mode on port 'targeted_function/output_036' to 's_axilite & ap_vld'.
@I [RTGEN-500] Setting interface mode on port 'targeted_function/output_037' to 's_axilite & ap_vld'.
@I [RTGEN-500] Setting interface mode on port 'targeted_function/output_038' to 's_axilite & ap_vld'.
@I [RTGEN-500] Setting interface mode on port 'targeted_function/output_039' to 's_axilite & ap_vld'.
@I [RTGEN-500] Setting interface mode on port 'targeted_function/output_040' to 's_axilite & ap_vld'.
@I [RTGEN-500] Setting interface mode on port 'targeted_function/output_041' to 's_axilite & ap_vld'.
@I [RTGEN-500] Setting interface mode on port 'targeted_function/output_042' to 's_axilite & ap_vld'.
@I [RTGEN-500] Setting interface mode on port 'targeted_function/output_043' to 's_axilite & ap_vld'.
@I [RTGEN-500] Setting interface mode on port 'targeted_function/output_044' to 's_axilite & ap_vld'.
@I [RTGEN-500] Setting interface mode on port 'targeted_function/output_045' to 's_axilite & ap_vld'.
@I [RTGEN-500] Setting interface mode on port 'targeted_function/output_046' to 's_axilite & ap_vld'.
@I [RTGEN-500] Setting interface mode on port 'targeted_function/output_047' to 's_axilite & ap_vld'.
@I [RTGEN-500] Setting interface mode on port 'targeted_function/output_048' to 's_axilite & ap_vld'.
@I [RTGEN-500] Setting interface mode on port 'targeted_function/output_049' to 's_axilite & ap_vld'.
@I [RTGEN-500] Setting interface mode on port 'targeted_function/output_050' to 's_axilite & ap_vld'.
@I [RTGEN-500] Setting interface mode on port 'targeted_function/output_051' to 's_axilite & ap_vld'.
@I [RTGEN-500] Setting interface mode on port 'targeted_function/output_052' to 's_axilite & ap_vld'.
@I [RTGEN-500] Setting interface mode on port 'targeted_function/output_053' to 's_axilite & ap_vld'.
@I [RTGEN-500] Setting interface mode on port 'targeted_function/output_054' to 's_axilite & ap_vld'.
@I [RTGEN-500] Setting interface mode on port 'targeted_function/output_055' to 's_axilite & ap_vld'.
@I [RTGEN-500] Setting interface mode on port 'targeted_function/output_056' to 's_axilite & ap_vld'.
@I [RTGEN-500] Setting interface mode on port 'targeted_function/output_057' to 's_axilite & ap_vld'.
@I [RTGEN-500] Setting interface mode on port 'targeted_function/output_058' to 's_axilite & ap_vld'.
@I [RTGEN-500] Setting interface mode on port 'targeted_function/output_059' to 's_axilite & ap_vld'.
@I [RTGEN-500] Setting interface mode on port 'targeted_function/output_060' to 's_axilite & ap_vld'.
@I [RTGEN-500] Setting interface mode on port 'targeted_function/output_061' to 's_axilite & ap_vld'.
@I [RTGEN-500] Setting interface mode on port 'targeted_function/output_062' to 's_axilite & ap_vld'.
@I [RTGEN-500] Setting interface mode on port 'targeted_function/output_063' to 's_axilite & ap_vld'.
@I [RTGEN-500] Setting interface mode on port 'targeted_function/output_064' to 's_axilite & ap_vld'.
@I [RTGEN-500] Setting interface mode on port 'targeted_function/output_065' to 's_axilite & ap_vld'.
@I [RTGEN-500] Setting interface mode on port 'targeted_function/output_066' to 's_axilite & ap_vld'.
@I [RTGEN-500] Setting interface mode on port 'targeted_function/output_067' to 's_axilite & ap_vld'.
@I [RTGEN-500] Setting interface mode on port 'targeted_function/output_068' to 's_axilite & ap_vld'.
@I [RTGEN-500] Setting interface mode on port 'targeted_function/output_069' to 's_axilite & ap_vld'.
@I [RTGEN-500] Setting interface mode on port 'targeted_function/output_070' to 's_axilite & ap_vld'.
@I [RTGEN-500] Setting interface mode on port 'targeted_function/output_071' to 's_axilite & ap_vld'.
@I [RTGEN-500] Setting interface mode on port 'targeted_function/output_072' to 's_axilite & ap_vld'.
@I [RTGEN-500] Setting interface mode on port 'targeted_function/output_073' to 's_axilite & ap_vld'.
@I [RTGEN-500] Setting interface mode on port 'targeted_function/output_074' to 's_axilite & ap_vld'.
@I [RTGEN-500] Setting interface mode on port 'targeted_function/output_075' to 's_axilite & ap_vld'.
@I [RTGEN-500] Setting interface mode on port 'targeted_function/output_076' to 's_axilite & ap_vld'.
@I [RTGEN-500] Setting interface mode on port 'targeted_function/output_077' to 's_axilite & ap_vld'.
@I [RTGEN-500] Setting interface mode on port 'targeted_function/output_078' to 's_axilite & ap_vld'.
@I [RTGEN-500] Setting interface mode on port 'targeted_function/output_079' to 's_axilite & ap_vld'.
@I [RTGEN-500] Setting interface mode on port 'targeted_function/output_080' to 's_axilite & ap_vld'.
@I [RTGEN-500] Setting interface mode on port 'targeted_function/output_081' to 's_axilite & ap_vld'.
@I [RTGEN-500] Setting interface mode on port 'targeted_function/output_082' to 's_axilite & ap_vld'.
@I [RTGEN-500] Setting interface mode on port 'targeted_function/output_083' to 's_axilite & ap_vld'.
@I [RTGEN-500] Setting interface mode on port 'targeted_function/output_084' to 's_axilite & ap_vld'.
@I [RTGEN-500] Setting interface mode on port 'targeted_function/output_085' to 's_axilite & ap_vld'.
@I [RTGEN-500] Setting interface mode on port 'targeted_function/output_086' to 's_axilite & ap_vld'.
@I [RTGEN-500] Setting interface mode on port 'targeted_function/output_087' to 's_axilite & ap_vld'.
@I [RTGEN-500] Setting interface mode on port 'targeted_function/output_088' to 's_axilite & ap_vld'.
@I [RTGEN-500] Setting interface mode on port 'targeted_function/output_089' to 's_axilite & ap_vld'.
@I [RTGEN-500] Setting interface mode on port 'targeted_function/output_090' to 's_axilite & ap_vld'.
@I [RTGEN-500] Setting interface mode on port 'targeted_function/output_091' to 's_axilite & ap_vld'.
@I [RTGEN-500] Setting interface mode on port 'targeted_function/output_092' to 's_axilite & ap_vld'.
@I [RTGEN-500] Setting interface mode on port 'targeted_function/output_093' to 's_axilite & ap_vld'.
@I [RTGEN-500] Setting interface mode on port 'targeted_function/output_094' to 's_axilite & ap_vld'.
@I [RTGEN-500] Setting interface mode on port 'targeted_function/output_095' to 's_axilite & ap_vld'.
@I [RTGEN-500] Setting interface mode on port 'targeted_function/output_096' to 's_axilite & ap_vld'.
@I [RTGEN-500] Setting interface mode on port 'targeted_function/output_097' to 's_axilite & ap_vld'.
@I [RTGEN-500] Setting interface mode on port 'targeted_function/output_098' to 's_axilite & ap_vld'.
@I [RTGEN-500] Setting interface mode on port 'targeted_function/output_099' to 's_axilite & ap_vld'.
@I [RTGEN-500] Setting interface mode on port 'targeted_function/output_100' to 's_axilite & ap_vld'.
@I [RTGEN-500] Setting interface mode on port 'targeted_function/output_101' to 's_axilite & ap_vld'.
@I [RTGEN-500] Setting interface mode on port 'targeted_function/output_102' to 's_axilite & ap_vld'.
@I [RTGEN-500] Setting interface mode on port 'targeted_function/output_103' to 's_axilite & ap_vld'.
@I [RTGEN-500] Setting interface mode on port 'targeted_function/output_104' to 's_axilite & ap_vld'.
@I [RTGEN-500] Setting interface mode on port 'targeted_function/output_105' to 's_axilite & ap_vld'.
@I [RTGEN-500] Setting interface mode on port 'targeted_function/output_106' to 's_axilite & ap_vld'.
@I [RTGEN-500] Setting interface mode on port 'targeted_function/output_107' to 's_axilite & ap_vld'.
@I [RTGEN-500] Setting interface mode on port 'targeted_function/output_108' to 's_axilite & ap_vld'.
@I [RTGEN-500] Setting interface mode on port 'targeted_function/output_109' to 's_axilite & ap_vld'.
@I [RTGEN-500] Setting interface mode on port 'targeted_function/output_110' to 's_axilite & ap_vld'.
@I [RTGEN-500] Setting interface mode on port 'targeted_function/output_111' to 's_axilite & ap_vld'.
@I [RTGEN-500] Setting interface mode on port 'targeted_function/output_112' to 's_axilite & ap_vld'.
@I [RTGEN-500] Setting interface mode on port 'targeted_function/output_113' to 's_axilite & ap_vld'.
@I [RTGEN-500] Setting interface mode on port 'targeted_function/output_114' to 's_axilite & ap_vld'.
@I [RTGEN-500] Setting interface mode on port 'targeted_function/output_115' to 's_axilite & ap_vld'.
@I [RTGEN-500] Setting interface mode on port 'targeted_function/output_116' to 's_axilite & ap_vld'.
@I [RTGEN-500] Setting interface mode on port 'targeted_function/output_117' to 's_axilite & ap_vld'.
@I [RTGEN-500] Setting interface mode on port 'targeted_function/output_118' to 's_axilite & ap_vld'.
@I [RTGEN-500] Setting interface mode on port 'targeted_function/output_119' to 's_axilite & ap_vld'.
@I [RTGEN-500] Setting interface mode on port 'targeted_function/output_120' to 's_axilite & ap_vld'.
@I [RTGEN-500] Setting interface mode on port 'targeted_function/output_121' to 's_axilite & ap_vld'.
@I [RTGEN-500] Setting interface mode on port 'targeted_function/output_122' to 's_axilite & ap_vld'.
@I [RTGEN-500] Setting interface mode on port 'targeted_function/output_123' to 's_axilite & ap_vld'.
@I [RTGEN-500] Setting interface mode on port 'targeted_function/output_124' to 's_axilite & ap_vld'.
@I [RTGEN-500] Setting interface mode on port 'targeted_function/output_125' to 's_axilite & ap_vld'.
@I [RTGEN-500] Setting interface mode on port 'targeted_function/output_126' to 's_axilite & ap_vld'.
@I [RTGEN-500] Setting interface mode on port 'targeted_function/output_127' to 's_axilite & ap_vld'.
@I [RTGEN-500] Setting interface mode on port 'targeted_function/output_128' to 's_axilite & ap_vld'.
@I [RTGEN-500] Setting interface mode on port 'targeted_function/output_129' to 's_axilite & ap_vld'.
@I [RTGEN-500] Setting interface mode on port 'targeted_function/output_130' to 's_axilite & ap_vld'.
@I [RTGEN-500] Setting interface mode on port 'targeted_function/output_131' to 's_axilite & ap_vld'.
@I [RTGEN-500] Setting interface mode on port 'targeted_function/output_132' to 's_axilite & ap_vld'.
@I [RTGEN-500] Setting interface mode on port 'targeted_function/output_133' to 's_axilite & ap_vld'.
@I [RTGEN-500] Setting interface mode on port 'targeted_function/output_134' to 's_axilite & ap_vld'.
@I [RTGEN-500] Setting interface mode on port 'targeted_function/output_135' to 's_axilite & ap_vld'.
@I [RTGEN-500] Setting interface mode on port 'targeted_function/output_136' to 's_axilite & ap_vld'.
@I [RTGEN-500] Setting interface mode on port 'targeted_function/output_137' to 's_axilite & ap_vld'.
@I [RTGEN-500] Setting interface mode on port 'targeted_function/output_138' to 's_axilite & ap_vld'.
@I [RTGEN-500] Setting interface mode on port 'targeted_function/output_139' to 's_axilite & ap_vld'.
@I [RTGEN-500] Setting interface mode on port 'targeted_function/output_140' to 's_axilite & ap_vld'.
@I [RTGEN-500] Setting interface mode on port 'targeted_function/output_141' to 's_axilite & ap_vld'.
@I [RTGEN-500] Setting interface mode on port 'targeted_function/output_142' to 's_axilite & ap_vld'.
@I [RTGEN-500] Setting interface mode on port 'targeted_function/output_143' to 's_axilite & ap_vld'.
@I [RTGEN-500] Setting interface mode on port 'targeted_function/output_144' to 's_axilite & ap_vld'.
@I [RTGEN-500] Setting interface mode on port 'targeted_function/output_145' to 's_axilite & ap_vld'.
@I [RTGEN-500] Setting interface mode on port 'targeted_function/output_146' to 's_axilite & ap_vld'.
@I [RTGEN-500] Setting interface mode on port 'targeted_function/output_147' to 's_axilite & ap_vld'.
@I [RTGEN-500] Setting interface mode on port 'targeted_function/output_148' to 's_axilite & ap_vld'.
@I [RTGEN-500] Setting interface mode on port 'targeted_function/output_149' to 's_axilite & ap_vld'.
@I [RTGEN-500] Setting interface mode on port 'targeted_function/output_150' to 's_axilite & ap_vld'.
@I [RTGEN-500] Setting interface mode on port 'targeted_function/output_151' to 's_axilite & ap_vld'.
@I [RTGEN-500] Setting interface mode on port 'targeted_function/output_152' to 's_axilite & ap_vld'.
@I [RTGEN-500] Setting interface mode on port 'targeted_function/output_153' to 's_axilite & ap_vld'.
@I [RTGEN-500] Setting interface mode on port 'targeted_function/output_154' to 's_axilite & ap_vld'.
@I [RTGEN-500] Setting interface mode on port 'targeted_function/output_155' to 's_axilite & ap_vld'.
@I [RTGEN-500] Setting interface mode on port 'targeted_function/output_156' to 's_axilite & ap_vld'.
@I [RTGEN-500] Setting interface mode on port 'targeted_function/output_157' to 's_axilite & ap_vld'.
@I [RTGEN-500] Setting interface mode on port 'targeted_function/output_158' to 's_axilite & ap_vld'.
@I [RTGEN-500] Setting interface mode on port 'targeted_function/output_159' to 's_axilite & ap_vld'.
@I [RTGEN-500] Setting interface mode on port 'targeted_function/output_160' to 's_axilite & ap_vld'.
@I [RTGEN-500] Setting interface mode on port 'targeted_function/output_161' to 's_axilite & ap_vld'.
@I [RTGEN-500] Setting interface mode on port 'targeted_function/output_162' to 's_axilite & ap_vld'.
@I [RTGEN-500] Setting interface mode on port 'targeted_function/output_163' to 's_axilite & ap_vld'.
@I [RTGEN-500] Setting interface mode on port 'targeted_function/output_164' to 's_axilite & ap_vld'.
@I [RTGEN-500] Setting interface mode on port 'targeted_function/output_165' to 's_axilite & ap_vld'.
@I [RTGEN-500] Setting interface mode on port 'targeted_function/output_166' to 's_axilite & ap_vld'.
@I [RTGEN-500] Setting interface mode on port 'targeted_function/output_167' to 's_axilite & ap_vld'.
@I [RTGEN-500] Setting interface mode on port 'targeted_function/output_168' to 's_axilite & ap_vld'.
@I [RTGEN-500] Setting interface mode on port 'targeted_function/output_169' to 's_axilite & ap_vld'.
@I [RTGEN-500] Setting interface mode on port 'targeted_function/output_170' to 's_axilite & ap_vld'.
@I [RTGEN-500] Setting interface mode on port 'targeted_function/output_171' to 's_axilite & ap_vld'.
@I [RTGEN-500] Setting interface mode on port 'targeted_function/output_172' to 's_axilite & ap_vld'.
@I [RTGEN-500] Setting interface mode on port 'targeted_function/output_173' to 's_axilite & ap_vld'.
@I [RTGEN-500] Setting interface mode on port 'targeted_function/output_174' to 's_axilite & ap_vld'.
@I [RTGEN-500] Setting interface mode on port 'targeted_function/output_175' to 's_axilite & ap_vld'.
@I [RTGEN-500] Setting interface mode on port 'targeted_function/output_176' to 's_axilite & ap_vld'.
@I [RTGEN-500] Setting interface mode on port 'targeted_function/output_177' to 's_axilite & ap_vld'.
@I [RTGEN-500] Setting interface mode on port 'targeted_function/output_178' to 's_axilite & ap_vld'.
@I [RTGEN-500] Setting interface mode on port 'targeted_function/output_179' to 's_axilite & ap_vld'.
@I [RTGEN-500] Setting interface mode on port 'targeted_function/output_180' to 's_axilite & ap_vld'.
@I [RTGEN-500] Setting interface mode on port 'targeted_function/output_181' to 's_axilite & ap_vld'.
@I [RTGEN-500] Setting interface mode on port 'targeted_function/output_182' to 's_axilite & ap_vld'.
@I [RTGEN-500] Setting interface mode on port 'targeted_function/output_183' to 's_axilite & ap_vld'.
@I [RTGEN-500] Setting interface mode on port 'targeted_function/output_184' to 's_axilite & ap_vld'.
@I [RTGEN-500] Setting interface mode on port 'targeted_function/output_185' to 's_axilite & ap_vld'.
@I [RTGEN-500] Setting interface mode on port 'targeted_function/output_186' to 's_axilite & ap_vld'.
@I [RTGEN-500] Setting interface mode on port 'targeted_function/output_187' to 's_axilite & ap_vld'.
@I [RTGEN-500] Setting interface mode on port 'targeted_function/output_188' to 's_axilite & ap_vld'.
@I [RTGEN-500] Setting interface mode on port 'targeted_function/output_189' to 's_axilite & ap_vld'.
@I [RTGEN-500] Setting interface mode on port 'targeted_function/output_190' to 's_axilite & ap_vld'.
@I [RTGEN-500] Setting interface mode on port 'targeted_function/output_191' to 's_axilite & ap_vld'.
@I [RTGEN-500] Setting interface mode on port 'targeted_function/output_192' to 's_axilite & ap_vld'.
@I [RTGEN-500] Setting interface mode on port 'targeted_function/output_193' to 's_axilite & ap_vld'.
@I [RTGEN-500] Setting interface mode on port 'targeted_function/output_194' to 's_axilite & ap_vld'.
@I [RTGEN-500] Setting interface mode on port 'targeted_function/output_195' to 's_axilite & ap_vld'.
@I [RTGEN-500] Setting interface mode on port 'targeted_function/output_196' to 's_axilite & ap_vld'.
@I [RTGEN-500] Setting interface mode on port 'targeted_function/output_197' to 's_axilite & ap_vld'.
@I [RTGEN-500] Setting interface mode on port 'targeted_function/output_198' to 's_axilite & ap_vld'.
@I [RTGEN-500] Setting interface mode on port 'targeted_function/output_199' to 's_axilite & ap_vld'.
@I [RTGEN-500] Setting interface mode on port 'targeted_function/output_200' to 's_axilite & ap_vld'.
@I [RTGEN-500] Setting interface mode on port 'targeted_function/output_201' to 's_axilite & ap_vld'.
@I [RTGEN-500] Setting interface mode on port 'targeted_function/output_202' to 's_axilite & ap_vld'.
@I [RTGEN-500] Setting interface mode on port 'targeted_function/output_203' to 's_axilite & ap_vld'.
@I [RTGEN-500] Setting interface mode on port 'targeted_function/output_204' to 's_axilite & ap_vld'.
@I [RTGEN-500] Setting interface mode on port 'targeted_function/output_205' to 's_axilite & ap_vld'.
@I [RTGEN-500] Setting interface mode on port 'targeted_function/output_206' to 's_axilite & ap_vld'.
@I [RTGEN-500] Setting interface mode on port 'targeted_function/output_207' to 's_axilite & ap_vld'.
@I [RTGEN-500] Setting interface mode on port 'targeted_function/output_208' to 's_axilite & ap_vld'.
@I [RTGEN-500] Setting interface mode on port 'targeted_function/output_209' to 's_axilite & ap_vld'.
@I [RTGEN-500] Setting interface mode on port 'targeted_function/output_210' to 's_axilite & ap_vld'.
@I [RTGEN-500] Setting interface mode on port 'targeted_function/output_211' to 's_axilite & ap_vld'.
@I [RTGEN-500] Setting interface mode on port 'targeted_function/output_212' to 's_axilite & ap_vld'.
@I [RTGEN-500] Setting interface mode on port 'targeted_function/output_213' to 's_axilite & ap_vld'.
@I [RTGEN-500] Setting interface mode on port 'targeted_function/output_214' to 's_axilite & ap_vld'.
@I [RTGEN-500] Setting interface mode on port 'targeted_function/output_215' to 's_axilite & ap_vld'.
@I [RTGEN-500] Setting interface mode on port 'targeted_function/output_216' to 's_axilite & ap_vld'.
@I [RTGEN-500] Setting interface mode on port 'targeted_function/output_217' to 's_axilite & ap_vld'.
@I [RTGEN-500] Setting interface mode on port 'targeted_function/output_218' to 's_axilite & ap_vld'.
@I [RTGEN-500] Setting interface mode on port 'targeted_function/output_219' to 's_axilite & ap_vld'.
@I [RTGEN-500] Setting interface mode on port 'targeted_function/output_220' to 's_axilite & ap_vld'.
@I [RTGEN-500] Setting interface mode on port 'targeted_function/output_221' to 's_axilite & ap_vld'.
@I [RTGEN-500] Setting interface mode on port 'targeted_function/output_222' to 's_axilite & ap_vld'.
@I [RTGEN-500] Setting interface mode on port 'targeted_function/output_223' to 's_axilite & ap_vld'.
@I [RTGEN-500] Setting interface mode on port 'targeted_function/output_224' to 's_axilite & ap_vld'.
@I [RTGEN-500] Setting interface mode on port 'targeted_function/output_225' to 's_axilite & ap_vld'.
@I [RTGEN-500] Setting interface mode on port 'targeted_function/output_226' to 's_axilite & ap_vld'.
@I [RTGEN-500] Setting interface mode on port 'targeted_function/output_227' to 's_axilite & ap_vld'.
@I [RTGEN-500] Setting interface mode on port 'targeted_function/output_228' to 's_axilite & ap_vld'.
@I [RTGEN-500] Setting interface mode on port 'targeted_function/output_229' to 's_axilite & ap_vld'.
@I [RTGEN-500] Setting interface mode on port 'targeted_function/output_230' to 's_axilite & ap_vld'.
@I [RTGEN-500] Setting interface mode on port 'targeted_function/output_231' to 's_axilite & ap_vld'.
@I [RTGEN-500] Setting interface mode on port 'targeted_function/output_232' to 's_axilite & ap_vld'.
@I [RTGEN-500] Setting interface mode on port 'targeted_function/output_233' to 's_axilite & ap_vld'.
@I [RTGEN-500] Setting interface mode on port 'targeted_function/output_234' to 's_axilite & ap_vld'.
@I [RTGEN-500] Setting interface mode on port 'targeted_function/output_235' to 's_axilite & ap_vld'.
@I [RTGEN-500] Setting interface mode on port 'targeted_function/output_236' to 's_axilite & ap_vld'.
@I [RTGEN-500] Setting interface mode on port 'targeted_function/output_237' to 's_axilite & ap_vld'.
@I [RTGEN-500] Setting interface mode on port 'targeted_function/output_238' to 's_axilite & ap_vld'.
@I [RTGEN-500] Setting interface mode on port 'targeted_function/output_239' to 's_axilite & ap_vld'.
@I [RTGEN-500] Setting interface mode on port 'targeted_function/output_240' to 's_axilite & ap_vld'.
@I [RTGEN-500] Setting interface mode on port 'targeted_function/output_241' to 's_axilite & ap_vld'.
@I [RTGEN-500] Setting interface mode on port 'targeted_function/output_242' to 's_axilite & ap_vld'.
@I [RTGEN-500] Setting interface mode on port 'targeted_function/output_243' to 's_axilite & ap_vld'.
@I [RTGEN-500] Setting interface mode on port 'targeted_function/output_244' to 's_axilite & ap_vld'.
@I [RTGEN-500] Setting interface mode on port 'targeted_function/output_245' to 's_axilite & ap_vld'.
@I [RTGEN-500] Setting interface mode on port 'targeted_function/output_246' to 's_axilite & ap_vld'.
@I [RTGEN-500] Setting interface mode on port 'targeted_function/output_247' to 's_axilite & ap_vld'.
@I [RTGEN-500] Setting interface mode on port 'targeted_function/output_248' to 's_axilite & ap_vld'.
@I [RTGEN-500] Setting interface mode on port 'targeted_function/output_249' to 's_axilite & ap_vld'.
@I [RTGEN-500] Setting interface mode on port 'targeted_function/output_250' to 's_axilite & ap_vld'.
@I [RTGEN-500] Setting interface mode on port 'targeted_function/output_251' to 's_axilite & ap_vld'.
@I [RTGEN-500] Setting interface mode on port 'targeted_function/output_252' to 's_axilite & ap_vld'.
@I [RTGEN-500] Setting interface mode on port 'targeted_function/output_253' to 's_axilite & ap_vld'.
@I [RTGEN-500] Setting interface mode on port 'targeted_function/output_254' to 's_axilite & ap_vld'.
@I [RTGEN-500] Setting interface mode on port 'targeted_function/output_255' to 's_axilite & ap_vld'.
@I [RTGEN-500] Setting interface mode on function 'targeted_function' to 's_axilite & ap_ctrl_hs'.
@I [RTGEN-100] Finished creating RTL model for 'targeted_function'.
@I [HLS-111] Elapsed time: 0.391 seconds; current memory usage: 90.6 MB.
@I [HLS-10] Finished generating all RTL models.
@I [WSYSC-301] Generating RTL SystemC for 'targeted_function'.
@I [WVHDL-304] Generating RTL VHDL for 'targeted_function'.
@I [WVLOG-307] Generating RTL Verilog for 'targeted_function'.
@I [IMPL-8] Exporting RTL as an IP in IP-XACT.
@I [HLS-112] Total elapsed time: 28.440 seconds; peak memory usage: 94 MB.
